{"C:\\Users\\igor\\Music\\Jest_Refatorar\\src\\gilded_rose.js": {"path":"C:\\Users\\igor\\Music\\Jest_Refatorar\\src\\gilded_rose.js","statementMap":{"0":{"start":{"line":3,"column":4},"end":{"line":3,"column":21}},"1":{"start":{"line":4,"column":4},"end":{"line":4,"column":25}},"2":{"start":{"line":5,"column":4},"end":{"line":5,"column":27}},"3":{"start":{"line":11,"column":4},"end":{"line":11,"column":23}},"4":{"start":{"line":15,"column":4},"end":{"line":67,"column":5}},"5":{"start":{"line":15,"column":17},"end":{"line":15,"column":18}},"6":{"start":{"line":16,"column":6},"end":{"line":43,"column":7}},"7":{"start":{"line":20,"column":8},"end":{"line":24,"column":9}},"8":{"start":{"line":21,"column":10},"end":{"line":23,"column":11}},"9":{"start":{"line":22,"column":12},"end":{"line":22,"column":62}},"10":{"start":{"line":26,"column":8},"end":{"line":42,"column":9}},"11":{"start":{"line":27,"column":10},"end":{"line":27,"column":60}},"12":{"start":{"line":28,"column":10},"end":{"line":41,"column":11}},"13":{"start":{"line":31,"column":12},"end":{"line":35,"column":13}},"14":{"start":{"line":32,"column":14},"end":{"line":34,"column":15}},"15":{"start":{"line":33,"column":16},"end":{"line":33,"column":66}},"16":{"start":{"line":36,"column":12},"end":{"line":40,"column":13}},"17":{"start":{"line":37,"column":14},"end":{"line":39,"column":15}},"18":{"start":{"line":38,"column":16},"end":{"line":38,"column":66}},"19":{"start":{"line":44,"column":6},"end":{"line":46,"column":7}},"20":{"start":{"line":45,"column":8},"end":{"line":45,"column":56}},"21":{"start":{"line":47,"column":6},"end":{"line":66,"column":7}},"22":{"start":{"line":48,"column":8},"end":{"line":65,"column":9}},"23":{"start":{"line":49,"column":10},"end":{"line":60,"column":11}},"24":{"start":{"line":52,"column":12},"end":{"line":56,"column":13}},"25":{"start":{"line":53,"column":14},"end":{"line":55,"column":15}},"26":{"start":{"line":54,"column":16},"end":{"line":54,"column":66}},"27":{"start":{"line":58,"column":12},"end":{"line":59,"column":60}},"28":{"start":{"line":62,"column":10},"end":{"line":64,"column":11}},"29":{"start":{"line":63,"column":12},"end":{"line":63,"column":62}},"30":{"start":{"line":69,"column":4},"end":{"line":69,"column":22}},"31":{"start":{"line":73,"column":0},"end":{"line":76,"column":2}}},"fnMap":{"0":{"name":"(anonymous_0)","decl":{"start":{"line":2,"column":2},"end":{"line":2,"column":3}},"loc":{"start":{"line":2,"column":37},"end":{"line":6,"column":3}},"line":2},"1":{"name":"(anonymous_1)","decl":{"start":{"line":10,"column":2},"end":{"line":10,"column":3}},"loc":{"start":{"line":10,"column":26},"end":{"line":12,"column":3}},"line":10},"2":{"name":"(anonymous_2)","decl":{"start":{"line":14,"column":2},"end":{"line":14,"column":3}},"loc":{"start":{"line":14,"column":18},"end":{"line":70,"column":3}},"line":14}},"branchMap":{"0":{"loc":{"start":{"line":10,"column":14},"end":{"line":10,"column":24}},"type":"default-arg","locations":[{"start":{"line":10,"column":22},"end":{"line":10,"column":24}}],"line":10},"1":{"loc":{"start":{"line":16,"column":6},"end":{"line":43,"column":7}},"type":"if","locations":[{"start":{"line":16,"column":6},"end":{"line":43,"column":7}},{"start":{"line":25,"column":13},"end":{"line":43,"column":7}}],"line":16},"2":{"loc":{"start":{"line":17,"column":8},"end":{"line":18,"column":73}},"type":"binary-expr","locations":[{"start":{"line":17,"column":8},"end":{"line":17,"column":41}},{"start":{"line":18,"column":8},"end":{"line":18,"column":73}}],"line":17},"3":{"loc":{"start":{"line":20,"column":8},"end":{"line":24,"column":9}},"type":"if","locations":[{"start":{"line":20,"column":8},"end":{"line":24,"column":9}},{"start":{},"end":{}}],"line":20},"4":{"loc":{"start":{"line":21,"column":10},"end":{"line":23,"column":11}},"type":"if","locations":[{"start":{"line":21,"column":10},"end":{"line":23,"column":11}},{"start":{},"end":{}}],"line":21},"5":{"loc":{"start":{"line":26,"column":8},"end":{"line":42,"column":9}},"type":"if","locations":[{"start":{"line":26,"column":8},"end":{"line":42,"column":9}},{"start":{},"end":{}}],"line":26},"6":{"loc":{"start":{"line":28,"column":10},"end":{"line":41,"column":11}},"type":"if","locations":[{"start":{"line":28,"column":10},"end":{"line":41,"column":11}},{"start":{},"end":{}}],"line":28},"7":{"loc":{"start":{"line":31,"column":12},"end":{"line":35,"column":13}},"type":"if","locations":[{"start":{"line":31,"column":12},"end":{"line":35,"column":13}},{"start":{},"end":{}}],"line":31},"8":{"loc":{"start":{"line":32,"column":14},"end":{"line":34,"column":15}},"type":"if","locations":[{"start":{"line":32,"column":14},"end":{"line":34,"column":15}},{"start":{},"end":{}}],"line":32},"9":{"loc":{"start":{"line":36,"column":12},"end":{"line":40,"column":13}},"type":"if","locations":[{"start":{"line":36,"column":12},"end":{"line":40,"column":13}},{"start":{},"end":{}}],"line":36},"10":{"loc":{"start":{"line":37,"column":14},"end":{"line":39,"column":15}},"type":"if","locations":[{"start":{"line":37,"column":14},"end":{"line":39,"column":15}},{"start":{},"end":{}}],"line":37},"11":{"loc":{"start":{"line":44,"column":6},"end":{"line":46,"column":7}},"type":"if","locations":[{"start":{"line":44,"column":6},"end":{"line":46,"column":7}},{"start":{},"end":{}}],"line":44},"12":{"loc":{"start":{"line":47,"column":6},"end":{"line":66,"column":7}},"type":"if","locations":[{"start":{"line":47,"column":6},"end":{"line":66,"column":7}},{"start":{},"end":{}}],"line":47},"13":{"loc":{"start":{"line":48,"column":8},"end":{"line":65,"column":9}},"type":"if","locations":[{"start":{"line":48,"column":8},"end":{"line":65,"column":9}},{"start":{"line":61,"column":15},"end":{"line":65,"column":9}}],"line":48},"14":{"loc":{"start":{"line":49,"column":10},"end":{"line":60,"column":11}},"type":"if","locations":[{"start":{"line":49,"column":10},"end":{"line":60,"column":11}},{"start":{"line":57,"column":17},"end":{"line":60,"column":11}}],"line":49},"15":{"loc":{"start":{"line":52,"column":12},"end":{"line":56,"column":13}},"type":"if","locations":[{"start":{"line":52,"column":12},"end":{"line":56,"column":13}},{"start":{},"end":{}}],"line":52},"16":{"loc":{"start":{"line":53,"column":14},"end":{"line":55,"column":15}},"type":"if","locations":[{"start":{"line":53,"column":14},"end":{"line":55,"column":15}},{"start":{},"end":{}}],"line":53},"17":{"loc":{"start":{"line":62,"column":10},"end":{"line":64,"column":11}},"type":"if","locations":[{"start":{"line":62,"column":10},"end":{"line":64,"column":11}},{"start":{},"end":{}}],"line":62}},"s":{"0":8,"1":8,"2":8,"3":8,"4":8,"5":8,"6":8,"7":4,"8":3,"9":2,"10":4,"11":4,"12":4,"13":3,"14":3,"15":3,"16":3,"17":2,"18":2,"19":8,"20":7,"21":8,"22":2,"23":2,"24":1,"25":1,"26":1,"27":1,"28":0,"29":0,"30":8,"31":8},"f":{"0":8,"1":8,"2":8},"b":{"0":[0],"1":[4,4],"2":[8,7],"3":[3,1],"4":[2,1],"5":[4,0],"6":[3,1],"7":[3,0],"8":[3,0],"9":[2,1],"10":[2,0],"11":[7,1],"12":[2,6],"13":[2,0],"14":[1,1],"15":[1,0],"16":[1,0],"17":[0,0]},"_coverageSchema":"1a1c01bbd47fc00a2c39e90264f33305004495a9","hash":"31b2f80b1b4f0f9d7b76885d86184867854aee43"}
}
