TN:
SF:src\gilded_rose.js
FN:2,(anonymous_0)
FN:10,(anonymous_1)
FN:14,(anonymous_2)
FNF:3
FNH:3
FNDA:8,(anonymous_0)
FNDA:8,(anonymous_1)
FNDA:8,(anonymous_2)
DA:3,8
DA:4,8
DA:5,8
DA:11,8
DA:15,8
DA:16,8
DA:20,4
DA:21,3
DA:22,2
DA:26,4
DA:27,4
DA:28,4
DA:31,3
DA:32,3
DA:33,3
DA:36,3
DA:37,2
DA:38,2
DA:44,8
DA:45,7
DA:47,8
DA:48,2
DA:49,2
DA:52,1
DA:53,1
DA:54,1
DA:58,1
DA:62,0
DA:63,0
DA:69,8
DA:73,8
LF:31
LH:29
BRDA:10,0,0,0
BRDA:16,1,0,4
BRDA:16,1,1,4
BRDA:17,2,0,8
BRDA:17,2,1,7
BRDA:20,3,0,3
BRDA:20,3,1,1
BRDA:21,4,0,2
BRDA:21,4,1,1
BRDA:26,5,0,4
BRDA:26,5,1,0
BRDA:28,6,0,3
BRDA:28,6,1,1
BRDA:31,7,0,3
BRDA:31,7,1,0
BRDA:32,8,0,3
BRDA:32,8,1,0
BRDA:36,9,0,2
BRDA:36,9,1,1
BRDA:37,10,0,2
BRDA:37,10,1,0
BRDA:44,11,0,7
BRDA:44,11,1,1
BRDA:47,12,0,2
BRDA:47,12,1,6
BRDA:48,13,0,2
BRDA:48,13,1,0
BRDA:49,14,0,1
BRDA:49,14,1,1
BRDA:52,15,0,1
BRDA:52,15,1,0
BRDA:53,16,0,1
BRDA:53,16,1,0
BRDA:62,17,0,0
BRDA:62,17,1,0
BRF:35
BRH:25
end_of_record
